{"/home/leonardo/Linux/Work/learn/node/src/app.js": {"path":"/home/leonardo/Linux/Work/learn/node/src/app.js","statementMap":{"0":{"start":{"line":1,"column":16},"end":{"line":1,"column":34}},"1":{"start":{"line":2,"column":25},"end":{"line":2,"column":42}},"2":{"start":{"line":3,"column":13},"end":{"line":3,"column":28}},"3":{"start":{"line":5,"column":12},"end":{"line":5,"column":21}},"4":{"start":{"line":7,"column":0},"end":{"line":7,"column":24}},"5":{"start":{"line":8,"column":0},"end":{"line":8,"column":16}},"6":{"start":{"line":11,"column":2},"end":{"line":13,"column":3}},"7":{"start":{"line":12,"column":4},"end":{"line":12,"column":73}},"8":{"start":{"line":15,"column":2},"end":{"line":15,"column":9}},"9":{"start":{"line":18,"column":0},"end":{"line":18,"column":51}},"10":{"start":{"line":19,"column":0},"end":{"line":19,"column":56}},"11":{"start":{"line":21,"column":21},"end":{"line":21,"column":23}},"12":{"start":{"line":23,"column":0},"end":{"line":25,"column":3}},"13":{"start":{"line":24,"column":2},"end":{"line":24,"column":37}},"14":{"start":{"line":27,"column":0},"end":{"line":40,"column":3}},"15":{"start":{"line":28,"column":32},"end":{"line":28,"column":44}},"16":{"start":{"line":30,"column":21},"end":{"line":36,"column":3}},"17":{"start":{"line":37,"column":2},"end":{"line":37,"column":32}},"18":{"start":{"line":39,"column":2},"end":{"line":39,"column":47}},"19":{"start":{"line":42,"column":0},"end":{"line":53,"column":3}},"20":{"start":{"line":43,"column":17},"end":{"line":43,"column":31}},"21":{"start":{"line":44,"column":32},"end":{"line":44,"column":44}},"22":{"start":{"line":46,"column":26},"end":{"line":46,"column":74}},"23":{"start":{"line":46,"column":59},"end":{"line":46,"column":73}},"24":{"start":{"line":48,"column":16},"end":{"line":48,"column":51}},"25":{"start":{"line":49,"column":21},"end":{"line":49,"column":53}},"26":{"start":{"line":50,"column":2},"end":{"line":50,"column":45}},"27":{"start":{"line":52,"column":2},"end":{"line":52,"column":35}},"28":{"start":{"line":55,"column":0},"end":{"line":62,"column":3}},"29":{"start":{"line":56,"column":17},"end":{"line":56,"column":31}},"30":{"start":{"line":58,"column":26},"end":{"line":58,"column":74}},"31":{"start":{"line":58,"column":59},"end":{"line":58,"column":73}},"32":{"start":{"line":59,"column":2},"end":{"line":59,"column":42}},"33":{"start":{"line":61,"column":2},"end":{"line":61,"column":29}},"34":{"start":{"line":64,"column":0},"end":{"line":72,"column":3}},"35":{"start":{"line":65,"column":17},"end":{"line":65,"column":31}},"36":{"start":{"line":67,"column":26},"end":{"line":67,"column":74}},"37":{"start":{"line":67,"column":59},"end":{"line":67,"column":73}},"38":{"start":{"line":68,"column":21},"end":{"line":68,"column":50}},"39":{"start":{"line":69,"column":2},"end":{"line":69,"column":79}},"40":{"start":{"line":71,"column":2},"end":{"line":71,"column":35}},"41":{"start":{"line":74,"column":0},"end":{"line":74,"column":21}}},"fnMap":{"0":{"name":"validateRepositoryId","decl":{"start":{"line":10,"column":9},"end":{"line":10,"column":29}},"loc":{"start":{"line":10,"column":55},"end":{"line":16,"column":1}},"line":10},"1":{"name":"(anonymous_1)","decl":{"start":{"line":23,"column":25},"end":{"line":23,"column":26}},"loc":{"start":{"line":23,"column":48},"end":{"line":25,"column":1}},"line":23},"2":{"name":"(anonymous_2)","decl":{"start":{"line":27,"column":26},"end":{"line":27,"column":27}},"loc":{"start":{"line":27,"column":49},"end":{"line":40,"column":1}},"line":27},"3":{"name":"(anonymous_3)","decl":{"start":{"line":42,"column":29},"end":{"line":42,"column":30}},"loc":{"start":{"line":42,"column":52},"end":{"line":53,"column":1}},"line":42},"4":{"name":"(anonymous_4)","decl":{"start":{"line":46,"column":49},"end":{"line":46,"column":50}},"loc":{"start":{"line":46,"column":59},"end":{"line":46,"column":73}},"line":46},"5":{"name":"(anonymous_5)","decl":{"start":{"line":55,"column":32},"end":{"line":55,"column":33}},"loc":{"start":{"line":55,"column":55},"end":{"line":62,"column":1}},"line":55},"6":{"name":"(anonymous_6)","decl":{"start":{"line":58,"column":49},"end":{"line":58,"column":50}},"loc":{"start":{"line":58,"column":59},"end":{"line":58,"column":73}},"line":58},"7":{"name":"(anonymous_7)","decl":{"start":{"line":64,"column":35},"end":{"line":64,"column":36}},"loc":{"start":{"line":64,"column":58},"end":{"line":72,"column":1}},"line":64},"8":{"name":"(anonymous_8)","decl":{"start":{"line":67,"column":49},"end":{"line":67,"column":50}},"loc":{"start":{"line":67,"column":59},"end":{"line":67,"column":73}},"line":67}},"branchMap":{"0":{"loc":{"start":{"line":11,"column":2},"end":{"line":13,"column":3}},"type":"if","locations":[{"start":{"line":11,"column":2},"end":{"line":13,"column":3}},{"start":{"line":11,"column":2},"end":{"line":13,"column":3}}],"line":11}},"s":{"0":2,"1":2,"2":2,"3":2,"4":2,"5":2,"6":10,"7":3,"8":7,"9":2,"10":2,"11":2,"12":2,"13":2,"14":2,"15":6,"16":6,"17":6,"18":6,"19":2,"20":2,"21":2,"22":2,"23":7,"24":2,"25":2,"26":2,"27":2,"28":2,"29":1,"30":1,"31":5,"32":1,"33":1,"34":2,"35":2,"36":2,"37":2,"38":2,"39":2,"40":2,"41":2},"f":{"0":10,"1":2,"2":6,"3":2,"4":7,"5":1,"6":5,"7":2,"8":2},"b":{"0":[3,7]},"_coverageSchema":"1a1c01bbd47fc00a2c39e90264f33305004495a9","hash":"6e4347fab048c4eb274c3a5a19efa7f0a506b1e2"}
}
