TN:
SF:src/app.js
FN:10,validateRepositoryId
FN:23,(anonymous_1)
FN:27,(anonymous_2)
FN:42,(anonymous_3)
FN:46,(anonymous_4)
FN:55,(anonymous_5)
FN:58,(anonymous_6)
FN:64,(anonymous_7)
FN:67,(anonymous_8)
FNF:9
FNH:9
FNDA:10,validateRepositoryId
FNDA:2,(anonymous_1)
FNDA:6,(anonymous_2)
FNDA:2,(anonymous_3)
FNDA:7,(anonymous_4)
FNDA:1,(anonymous_5)
FNDA:5,(anonymous_6)
FNDA:2,(anonymous_7)
FNDA:2,(anonymous_8)
DA:1,2
DA:2,2
DA:3,2
DA:5,2
DA:7,2
DA:8,2
DA:11,10
DA:12,3
DA:15,7
DA:18,2
DA:19,2
DA:21,2
DA:23,2
DA:24,2
DA:27,2
DA:28,6
DA:30,6
DA:37,6
DA:39,6
DA:42,2
DA:43,2
DA:44,2
DA:46,7
DA:48,2
DA:49,2
DA:50,2
DA:52,2
DA:55,2
DA:56,1
DA:58,5
DA:59,1
DA:61,1
DA:64,2
DA:65,2
DA:67,2
DA:68,2
DA:69,2
DA:71,2
DA:74,2
LF:39
LH:39
BRDA:11,0,0,3
BRDA:11,0,1,7
BRF:2
BRH:2
end_of_record
